<?xml version="1.0" encoding="UTF-8"?>
<testsuite xmlns:xsi="http://www.w3.org/2001/XMLSchema-instance" xsi:noNamespaceSchemaLocation="https://maven.apache.org/surefire/maven-surefire-plugin/xsd/surefire-test-report-3.0.xsd" version="3.0" name="runner.TestRunner" time="46.385" tests="2" errors="0" skipped="0" failures="1">
  <properties>
[...]
</properties>
  <testcase name="List all the Samsung phones with specification as Camera Resolution - 20 MP and above, Model Year – 2023 &amp; Price Range between £200 - £250 #1" classname="Amazon Search" time="22.816">
    <system-out><![CDATA[
Scenario Outline: List all the Samsung phones with specification as Camera Resolution - 20 MP and above, Model Year – 2023 & Price Range between £200 - £250 &amp#27;[90m# src/test/resources/features/productSearch.feature:23&amp#27;[0m
2024-03-25 11:07:22 INFO  Hooks:27 - Test Started --> List all the Samsung phones with specification as Camera Resolution - 20 MP and above, Model Year – 2023 & Price Range between £200 - £250
  &amp#27;[32mGiven &amp#27;[0m&amp#27;[32mI am on the Amazon home page&amp#27;[0m                                                                                                                         &amp#27;[90m# org.amazon.stepdefs.HomePageStepDef.iAmOnTheAmazonHomePage()&amp#27;[0m
  &amp#27;[32mAnd &amp#27;[0m&amp#27;[32mI click on hamburger menu bar&amp#27;[0m                                                                                                                          &amp#27;[90m# org.amazon.stepdefs.HomePageStepDef.i_click_on_hamburger_menu_bar()&amp#27;[0m
  &amp#27;[32mAnd &amp#27;[0m&amp#27;[32mI click on Electronics And Computers&amp#27;[0m                                                                                                                   &amp#27;[90m# org.amazon.stepdefs.HomePageStepDef.i_click_on_electronics_And_Computers()&amp#27;[0m
testing
  &amp#27;[32mAnd &amp#27;[0m&amp#27;[32mI click on Phones and Accessories&amp#27;[0m                                                                                                                      &amp#27;[90m# org.amazon.stepdefs.HomePageStepDef.i_click_on_phones_and_Accessories()&amp#27;[0m
  &amp#27;[32mAnd &amp#27;[0m&amp#27;[32mI click on Mobile Phones & Smartphones&amp#27;[0m                                                                                                                 &amp#27;[90m# org.amazon.stepdefs.PhonesAndAccessoriesPageStepDef.i_click_on_mobile_phones_smartphones()&amp#27;[0m
  &amp#27;[32mWhen &amp#27;[0m&amp#27;[32mI select brand as &amp#27;[0m&amp#27;[32m&amp#27;[1m"Samsung"&amp#27;[0m                                                                                                                           &amp#27;[90m# org.amazon.stepdefs.SmartPhonesPageStepDef.i_select_brand_as(java.lang.String)&amp#27;[0m
  &amp#27;[32mAnd &amp#27;[0m&amp#27;[32mI select Camera Resolution as &amp#27;[0m&amp#27;[32m&amp#27;[1m"20 MP & above"&amp#27;[0m                                                                                                          &amp#27;[90m# org.amazon.stepdefs.SmartPhonesPageStepDef.i_select_camera_resolution_as(java.lang.String)&amp#27;[0m
  &amp#27;[32mAnd &amp#27;[0m&amp#27;[32mI select Model Year as &amp#27;[0m&amp#27;[32m&amp#27;[1m"2023"&amp#27;[0m                                                                                                                          &amp#27;[90m# org.amazon.stepdefs.SmartPhonesPageStepDef.i_select_model_year_as(java.lang.String)&amp#27;[0m
  &amp#27;[32mAnd &amp#27;[0m&amp#27;[32mI select Price Range between £&amp#27;[0m&amp#27;[32m&amp#27;[1m"200"&amp#27;[0m&amp#27;[32m to £&amp#27;[0m&amp#27;[32m&amp#27;[1m"250"&amp#27;[0m                                                                                                          &amp#27;[90m# org.amazon.stepdefs.SmartPhonesPageStepDef.i_select_price_range_between_£_to_£(java.lang.String,java.lang.String)&amp#27;[0m
  &amp#27;[32mAnd &amp#27;[0m&amp#27;[32mI click on Go button&amp#27;[0m                                                                                                                                   &amp#27;[90m# org.amazon.stepdefs.SmartPhonesPageStepDef.I_click_on_go_button()&amp#27;[0m
0 -> Samsung Galaxy A54 5G 128GB Awesome White 16,31cm (6,4") Super AMOLED Display, Android 13, 50MP Triple-Kamera
1 -> Samsung Galaxy A54 5G SM-A546B/DS 16,3 cm (6.4") Double SIM hybride Android 13 USB Type-C 8 Go 128 Go 5000 mAh Citron ve
2 -> Samsung Galaxy A54 128GB 5G Mobile Phone - Awesome Lime, SM-A546BLGCEUB/1
3 -> Samsung Galaxy A54 5G, unlocked, Graphite (German Version)
4 -> Samsung Galaxy A54 128GB 5G Mobile Phone - Awesome Violet, SM-A546BLVCEUB
5 -> Samsung Galaxy M34 5G (Waterfall Blue, 6GB, 128GB Storage) | 120Hz sAMOLED Display | 50MP Triple No Shake Cam | 6000 mAh Battery | 12GB RAM with RAM Plus | Android 13 | Without Charger
6 -> Samsung Galaxy A25 5G 16,5 cm (6.5") USB Type-C 6 Go 128 Go 5000 mAh Jaune
  &amp#27;[32mThen &amp#27;[0m&amp#27;[32mI can see list of products matching search criteria&amp#27;[0m                                                                                                   &amp#27;[90m# org.amazon.stepdefs.SearchResultPageStepDef.i_can_see_list_of_phones()&amp#27;[0m
  &amp#27;[32mAnd &amp#27;[0m&amp#27;[32mI can see only &amp#27;[0m&amp#27;[32m&amp#27;[1m"Samsung"&amp#27;[0m&amp#27;[32m products in the results&amp#27;[0m                                                                                                       &amp#27;[90m# org.amazon.stepdefs.SearchResultPageStepDef.i_can_see_only_samsung_products_in_the_results(java.lang.String)&amp#27;[0m
2024-03-25 11:07:43 INFO  Hooks:42 - Test Pass List all the Samsung phones with specification as Camera Resolution - 20 MP and above, Model Year – 2023 & Price Range between £200 - £250
]]></system-out>
    <system-err><![CDATA[Mar 25, 2024 11:07:22 AM org.openqa.selenium.devtools.CdpVersionFinder findNearestMatch
WARNING: Unable to find an exact match for CDP version 123, returning the closest version; found: 122; Please update to a Selenium version that supports CDP version 123
]]></system-err>
  </testcase>
  <testcase name="List all the Samsung phones with specification as Camera Resolution - 20 MP and above, Model Year – 2023 &amp; Price Range between £200 - £250 #2" classname="Amazon Search" time="23.332">
    <failure type="java.lang.AssertionError"><![CDATA[java.lang.AssertionError
	at org.junit.Assert.fail(Assert.java:87)
	at org.junit.Assert.assertTrue(Assert.java:42)
	at org.junit.Assert.assertTrue(Assert.java:53)
	at pages.SearchResultPage.verifyProductDisplayed(SearchResultPage.java:32)
	at org.amazon.stepdefs.SearchResultPageStepDef.i_can_see_only_samsung_products_in_the_results(SearchResultPageStepDef.java:20)
	at ✽.I can see only "Iphone" products in the results(file:///Users/naveen.kanak/Workspace/Learning/s3/selenium-cucumber-tests/src/test/resources/features/productSearch.feature:20)
]]></failure>
    <system-out><![CDATA[
Scenario Outline: List all the Samsung phones with specification as Camera Resolution - 20 MP and above, Model Year – 2023 & Price Range between £200 - £250 &amp#27;[90m# src/test/resources/features/productSearch.feature:24&amp#27;[0m
2024-03-25 11:07:44 INFO  Hooks:27 - Test Started --> List all the Samsung phones with specification as Camera Resolution - 20 MP and above, Model Year – 2023 & Price Range between £200 - £250
  &amp#27;[32mGiven &amp#27;[0m&amp#27;[32mI am on the Amazon home page&amp#27;[0m                                                                                                                         &amp#27;[90m# org.amazon.stepdefs.HomePageStepDef.iAmOnTheAmazonHomePage()&amp#27;[0m
  &amp#27;[32mAnd &amp#27;[0m&amp#27;[32mI click on hamburger menu bar&amp#27;[0m                                                                                                                          &amp#27;[90m# org.amazon.stepdefs.HomePageStepDef.i_click_on_hamburger_menu_bar()&amp#27;[0m
  &amp#27;[32mAnd &amp#27;[0m&amp#27;[32mI click on Electronics And Computers&amp#27;[0m                                                                                                                   &amp#27;[90m# org.amazon.stepdefs.HomePageStepDef.i_click_on_electronics_And_Computers()&amp#27;[0m
testing
  &amp#27;[32mAnd &amp#27;[0m&amp#27;[32mI click on Phones and Accessories&amp#27;[0m                                                                                                                      &amp#27;[90m# org.amazon.stepdefs.HomePageStepDef.i_click_on_phones_and_Accessories()&amp#27;[0m
  &amp#27;[32mAnd &amp#27;[0m&amp#27;[32mI click on Mobile Phones & Smartphones&amp#27;[0m                                                                                                                 &amp#27;[90m# org.amazon.stepdefs.PhonesAndAccessoriesPageStepDef.i_click_on_mobile_phones_smartphones()&amp#27;[0m
  &amp#27;[32mWhen &amp#27;[0m&amp#27;[32mI select brand as &amp#27;[0m&amp#27;[32m&amp#27;[1m"Samsung"&amp#27;[0m                                                                                                                           &amp#27;[90m# org.amazon.stepdefs.SmartPhonesPageStepDef.i_select_brand_as(java.lang.String)&amp#27;[0m
  &amp#27;[32mAnd &amp#27;[0m&amp#27;[32mI select Camera Resolution as &amp#27;[0m&amp#27;[32m&amp#27;[1m"20 MP & above"&amp#27;[0m                                                                                                          &amp#27;[90m# org.amazon.stepdefs.SmartPhonesPageStepDef.i_select_camera_resolution_as(java.lang.String)&amp#27;[0m
  &amp#27;[32mAnd &amp#27;[0m&amp#27;[32mI select Model Year as &amp#27;[0m&amp#27;[32m&amp#27;[1m"2023"&amp#27;[0m                                                                                                                          &amp#27;[90m# org.amazon.stepdefs.SmartPhonesPageStepDef.i_select_model_year_as(java.lang.String)&amp#27;[0m
  &amp#27;[32mAnd &amp#27;[0m&amp#27;[32mI select Price Range between £&amp#27;[0m&amp#27;[32m&amp#27;[1m"200"&amp#27;[0m&amp#27;[32m to £&amp#27;[0m&amp#27;[32m&amp#27;[1m"250"&amp#27;[0m                                                                                                          &amp#27;[90m# org.amazon.stepdefs.SmartPhonesPageStepDef.i_select_price_range_between_£_to_£(java.lang.String,java.lang.String)&amp#27;[0m
  &amp#27;[32mAnd &amp#27;[0m&amp#27;[32mI click on Go button&amp#27;[0m                                                                                                                                   &amp#27;[90m# org.amazon.stepdefs.SmartPhonesPageStepDef.I_click_on_go_button()&amp#27;[0m
0 -> Samsung Galaxy A54 5G 128GB Awesome White 16,31cm (6,4") Super AMOLED Display, Android 13, 50MP Triple-Kamera
1 -> Samsung Galaxy A54 5G SM-A546B/DS 16,3 cm (6.4") Double SIM hybride Android 13 USB Type-C 8 Go 128 Go 5000 mAh Citron ve
2 -> Samsung Galaxy A54 128GB 5G Mobile Phone - Awesome Lime, SM-A546BLGCEUB/1
3 -> Samsung Galaxy A54 5G, unlocked, Graphite (German Version)
4 -> Samsung Galaxy A54 128GB 5G Mobile Phone - Awesome Violet, SM-A546BLVCEUB
5 -> Samsung Galaxy M34 5G (Waterfall Blue, 6GB, 128GB Storage) | 120Hz sAMOLED Display | 50MP Triple No Shake Cam | 6000 mAh Battery | 12GB RAM with RAM Plus | Android 13 | Without Charger
6 -> Samsung Galaxy A25 5G 16,5 cm (6.5") USB Type-C 6 Go 128 Go 5000 mAh Jaune
  &amp#27;[32mThen &amp#27;[0m&amp#27;[32mI can see list of products matching search criteria&amp#27;[0m                                                                                                   &amp#27;[90m# org.amazon.stepdefs.SearchResultPageStepDef.i_can_see_list_of_phones()&amp#27;[0m
  &amp#27;[31mAnd &amp#27;[0m&amp#27;[31mI can see only &amp#27;[0m&amp#27;[31m&amp#27;[1m"Iphone"&amp#27;[0m&amp#27;[31m products in the results&amp#27;[0m                                                                                                        &amp#27;[90m# org.amazon.stepdefs.SearchResultPageStepDef.i_can_see_only_samsung_products_in_the_results(java.lang.String)&amp#27;[0m
      &amp#27;[31mjava.lang.AssertionError
	at org.junit.Assert.fail(Assert.java:87)
	at org.junit.Assert.assertTrue(Assert.java:42)
	at org.junit.Assert.assertTrue(Assert.java:53)
	at pages.SearchResultPage.verifyProductDisplayed(SearchResultPage.java:32)
	at org.amazon.stepdefs.SearchResultPageStepDef.i_can_see_only_samsung_products_in_the_results(SearchResultPageStepDef.java:20)
	at ✽.I can see only "Iphone" products in the results(file:///Users/naveen.kanak/Workspace/Learning/s3/selenium-cucumber-tests/src/test/resources/features/productSearch.feature:20)
&amp#27;[0m

    Embedding screenshot [image/png 1217560 bytes]

2024-03-25 11:08:06 INFO  Hooks:40 - Test failed List all the Samsung phones with specification as Camera Resolution - 20 MP and above, Model Year – 2023 & Price Range between £200 - £250
]]></system-out>
    <system-err><![CDATA[Mar 25, 2024 11:07:44 AM org.openqa.selenium.devtools.CdpVersionFinder findNearestMatch
WARNING: Unable to find an exact match for CDP version 123, returning the closest version; found: 122; Please update to a Selenium version that supports CDP version 123
]]></system-err>
  </testcase>
</testsuite>